Arguments: 
  C:\Program Files\nodejs\node.exe C:\Users\supero\AppData\Roaming\npm\node_modules\yarn\bin\yarn.js

PATH: 
  C:\Program Files (x86)\NVIDIA Corporation\PhysX\Common;C:\Python39\Scripts\;C:\Python39\;C:\Program Files (x86)\Common Files\Oracle\Java\javapath;C:\WINDOWS\system32;C:\WINDOWS;C:\WINDOWS\System32\Wbem;C:\WINDOWS\System32\WindowsPowerShell\v1.0\;C:\WINDOWS\System32\OpenSSH\;C:\Program Files (x86)\Intel\Intel(R) Management Engine Components\DAL;C:\Program Files\Intel\Intel(R) Management Engine Components\DAL;C:\Program Files\nodejs\;C:\ProgramData\chocolatey\bin;C:\Program Files\Git\cmd;C:\Program Files\Docker\Docker\resources\bin;C:\ProgramData\DockerDesktop\version-bin;C:\Users\supero\AppData\Local\Microsoft\WindowsApps;C:\Users\supero\AppData\Local\Programs\Microsoft VS Code\bin;C:\Users\supero\AppData\Roaming\npm;C:\Users\supero\AppData\Local\GitHubDesktop\bin

Yarn version: 
  1.22.10

Node version: 
  14.16.1

Platform: 
  win32 x64

Trace: 
  Error: https://registry.yarnpkg.com/@shared-components: Request "https://registry.yarnpkg.com/@shared-components" returned a 405
      at Request.params.callback [as _callback] (C:\Users\supero\AppData\Roaming\npm\node_modules\yarn\lib\cli.js:66997:18)
      at Request.self.callback (C:\Users\supero\AppData\Roaming\npm\node_modules\yarn\lib\cli.js:140662:22)
      at Request.emit (events.js:315:20)
      at Request.<anonymous> (C:\Users\supero\AppData\Roaming\npm\node_modules\yarn\lib\cli.js:141634:10)
      at Request.emit (events.js:315:20)
      at IncomingMessage.<anonymous> (C:\Users\supero\AppData\Roaming\npm\node_modules\yarn\lib\cli.js:141556:12)
      at Object.onceWrapper (events.js:421:28)
      at IncomingMessage.emit (events.js:327:22)
      at endReadableNT (internal/streams/readable.js:1327:12)
      at processTicksAndRejections (internal/process/task_queues.js:80:21)

npm manifest: 
  {
    "name": "envelopamento-medicina",
    "description": "This project is created using Direflow",
    "version": "1.0.0",
    "author": "",
    "license": "MIT",
    "keywords": [
      "direflow",
      "react",
      "webcomponent"
    ],
    "homepage": "https://direflow.io/",
    "repository": {
      "type": "git",
      "url": "https://github.com/Silind-Software/direflow"
    },
    "bugs": {
      "email": "direflow@silind.com",
      "url": "https://github.com/Silind-Software/direflow/issues/new"
    },
    "main": "build/direflowBundle.js",
    "files": [
      "build"
    ],
    "scripts": {
      "start": "direflow-scripts start",
      "build": "direflow-scripts build",
      "build:lib": "direflow-scripts build:lib",
      "test": "direflow-scripts test"
    },
    "dependencies": {
      "react": "16.13.1",
      "react-dom": "16.13.1",
      "react-scripts": "3.4.1",
      "direflow-component": "3.5.5",
      "direflow-scripts": "3.5.5",
      "@shared-components": "^0.1.0"
    },
    "devDependencies": {
      "eslint-plugin-node": "^11.0.0",
      "eslint-plugin-promise": "^4.2.1",
      "eslint-plugin-react": "^7.18.0",
      "to-string-loader": "^1.1.6",
      "jest-environment-jsdom-fourteen": "0.1.0",
      "react-app-rewired": "2.1.3",
      "react-test-renderer": "16.9.0",
      "webpack-cli": "^3.3.11"
    },
    "eslintConfig": {
      "extends": "react-app"
    },
    "browserslist": {
      "production": [
        ">0.2%",
        "not dead",
        "not op_mini all"
      ],
      "development": [
        "last 1 chrome version",
        "last 1 firefox version",
        "last 1 safari version"
      ]
    },
    "jest": {
      "setupFilesAfterEnv": [
        "direflow-scripts/direflow-jest.config.js"
      ]
    },
    "config-overrides-path": "direflow-webpack.js"
  }

yarn manifest: 
  No manifest

Lockfile: 
  No lockfile
